<html>
<head>
<title>TestNG:  Default test</title>
<link href="../testng.css" rel="stylesheet" type="text/css" />
<link href="../my-testng.css" rel="stylesheet" type="text/css" />

<style type="text/css">
.log { display: none;} 
.stack-trace { display: none;} 
</style>
<script type="text/javascript">
<!--
function flip(e) {
  current = e.style.display;
  if (current == 'block') {
    e.style.display = 'none';
    return 0;
  }
  else {
    e.style.display = 'block';
    return 1;
  }
}

function toggleBox(szDivId, elem, msg1, msg2)
{
  var res = -1;  if (document.getElementById) {
    res = flip(document.getElementById(szDivId));
  }
  else if (document.all) {
    // this is the way old msie versions work
    res = flip(document.all[szDivId]);
  }
  if(elem) {
    if(res == 0) elem.innerHTML = msg1; else elem.innerHTML = msg2;
  }

}

function toggleAllBoxes() {
  if (document.getElementsByTagName) {
    d = document.getElementsByTagName('div');
    for (i = 0; i < d.length; i++) {
      if (d[i].className == 'log') {
        flip(d[i]);
      }
    }
  }
}

// -->
</script>

</head>
<body>
<h2 align='center'>Default test</h2><table border='1' align="center">
<tr>
<td>Tests passed/Failed/Skipped:</td><td>6/2/0</td>
</tr><tr>
<td>Started on:</td><td>Tue Jul 16 15:14:49 IST 2019</td>
</tr>
<tr><td>Total time:</td><td>1707 seconds (1707733 ms)</td>
</tr><tr>
<td>Included groups:</td><td></td>
</tr><tr>
<td>Excluded groups:</td><td></td>
</tr>
</table><p/>
<small><i>(Hover the method name to see the test class name)</i></small><p/>
<table width='100%' border='1' class='invocation-failed'>
<tr><td colspan='4' align='center'><b>FAILED TESTS</b></td></tr>
<tr><td><b>Test method</b></td>
<td width="30%"><b>Exception</b></td>
<td width="10%"><b>Time (seconds)</b></td>
<td><b>Instance</b></td>
</tr>
<tr>
<td title='NERL.EWR_Deposit_EXchange.EWR_creation_Approval()'><b>EWR_creation_Approval</b><br>Test class: NERL.EWR_Deposit_EXchange<br>Test method: To verify Creation Of ENWR With Valid details<br>Parameters: 1012467, TURMERIC-MT, 50 KG, 2BNF00000000776, 600, Gaurav, 30, 30, 21, 500, Dry storage deposit, 45454/4444/675, 500, 200, 250, 650, 200, Kanjurmarg akruti center, 100, 100, 2000, Sample1, AM0000000084, SPECIAL, 3, 3, 0, 0, NCMLLABMKR, Dell@1234, SOURABH, Dell@1234, NCMLLABMKR1, Dell@1234, NCMLLABCKR, Dell@1234, 0, 11, 0, 1, 5, 2, 1, 1, 1, 1, 1, 7, NCDEX, WRS0000000004, NCMLLABCOMGRADE, ASDCV1234G, TMCBASSLM, 0, 0, 0, 0, 85, 0, 0, 0, 0, 0, 8, 2</td>
<td><div><pre>org.openqa.selenium.NoSuchElementException: no such element: Unable to locate element: {&quot;method&quot;:&quot;xpath&quot;,&quot;selector&quot;:&quot;.//*[@id=&apos;l-login&apos;]/form/div[2]/div/div[2]/div/input&quot;}
  (Session info: chrome=75.0.3770.100)
  (Driver info: chromedriver=2.35.528161 (5b82f2d2aae0ca24b877009200ced9065a772e73),platform=Windows NT 10.0.14393 x86_64) (WARNING: The server did not provide any stacktrace information)
Command duration or timeout: 20.03 seconds
For documentation on this error, please visit: http://seleniumhq.org/exceptions/no_such_element.html
Build info: version: &apos;unknown&apos;, revision: &apos;unknown&apos;, time: &apos;unknown&apos;
System info: host: &apos;PC2017000016&apos;, ip: &apos;172.29.22.45&apos;, os.name: &apos;Windows 10&apos;, os.arch: &apos;amd64&apos;, os.version: &apos;10.0&apos;, java.version: &apos;1.8.0_131&apos;
Driver info: org.openqa.selenium.chrome.ChromeDriver
Capabilities [{applicationCacheEnabled=false, rotatable=false, mobileEmulationEnabled=false, networkConnectionEnabled=false, chrome={chromedriverVersion=2.35.528161 (5b82f2d2aae0ca24b877009200ced9065a772e73), userDataDir=C:\Users\gauravn\AppData\Local\Temp\scoped_dir10008_25380}, takesHeapSnapshot=true, pageLoadStrategy=normal, databaseEnabled=false, handlesAlerts=true, hasTouchScreen=false, version=75.0.3770.100, platform=XP, browserConnectionEnabled=false, nativeEvents=true, acceptSslCerts=false, acceptInsecureCerts=false, locationContextEnabled=true, webStorageEnabled=true, browserName=chrome, takesScreenshot=true, javascriptEnabled=true, cssSelectorsEnabled=true, setWindowRect=true, unexpectedAlertBehaviour=}]
Session ID: 42b4a7f02025fe5c5cbd5d2e1e767028
*** Element info: {Using=xpath, value=.//*[@id=&apos;l-login&apos;]/form/div[2]/div/div[2]/div/input}
	at sun.reflect.NativeConstructorAccessorImpl.newInstance0(Native Method)
	at sun.reflect.NativeConstructorAccessorImpl.newInstance(Unknown Source)
	at sun.reflect.DelegatingConstructorAccessorImpl.newInstance(Unknown Source)
	at java.lang.reflect.Constructor.newInstance(Unknown Source)
	at org.openqa.selenium.remote.ErrorHandler.createThrowable(ErrorHandler.java:215)
	at org.openqa.selenium.remote.ErrorHandler.throwIfResponseFailed(ErrorHandler.java:167)
	at org.openqa.selenium.remote.RemoteWebDriver.execute(RemoteWebDriver.java:671)
	at org.openqa.selenium.remote.RemoteWebDriver.findElement(RemoteWebDriver.java:410)
	at org.openqa.selenium.remote.RemoteWebDriver.findElementByXPath(RemoteWebDriver.java:509)
	at org.openqa.selenium.By$ByXPath.findElement(By.java:361)
	at org.openqa.selenium.remote.RemoteWebDriver.findElement(RemoteWebDriver.java:402)
	at library.Utility.Login(Utility.java:173)
	at NERL.EWR_Deposit_EXchange.EWR_creation_Approval(EWR_Deposit_EXchange.java:156)
	at sun.reflect.NativeMethodAccessorImpl.invoke0(Native Method)
	at sun.reflect.NativeMethodAccessorImpl.invoke(Unknown Source)
	at sun.reflect.DelegatingMethodAccessorImpl.invoke(Unknown Source)
	at java.lang.reflect.Method.invoke(Unknown Source)
	at org.testng.internal.MethodInvocationHelper.invokeMethod(MethodInvocationHelper.java:108)
	at org.testng.internal.Invoker.invokeMethod(Invoker.java:669)
	at org.testng.internal.Invoker.invokeTestMethod(Invoker.java:877)
	at org.testng.internal.Invoker.invokeTestMethods(Invoker.java:1201)
	at org.testng.internal.TestMethodWorker.invokeTestMethods(TestMethodWorker.java:125)
	at org.testng.internal.TestMethodWorker.run(TestMethodWorker.java:109)
	at org.testng.TestRunner.privateRun(TestRunner.java:776)
	at org.testng.TestRunner.run(TestRunner.java:634)
	at org.testng.SuiteRunner.runTest(SuiteRunner.java:425)
	at org.testng.SuiteRunner.runSequentially(SuiteRunner.java:420)
	at org.testng.SuiteRunner.privateRun(SuiteRunner.java:385)
	at org.testng.SuiteRunner.run(SuiteRunner.java:334)
	at org.testng.SuiteRunnerWorker.runSuite(SuiteRunnerWorker.java:52)
	at org.testng.SuiteRunnerWorker.run(SuiteRunnerWorker.java:86)
	at org.testng.TestNG.runSuitesSequentially(TestNG.java:1318)
	at org.testng.TestNG.runSuitesLocally(TestNG.java:1243)
	at org.testng.TestNG.runSuites(TestNG.java:1161)
	at org.testng.TestNG.run(TestNG.java:1129)
	at org.testng.remote.AbstractRemoteTestNG.run(AbstractRemoteTestNG.java:114)
	at org.testng.remote.RemoteTestNG.initAndRun(RemoteTestNG.java:251)
	at org.testng.remote.RemoteTestNG.main(RemoteTestNG.java:77)
</pre></div><a href='#' onClick='toggleBox("stack-trace124494140", this, "Click to show all stack frames", "Click to hide stack frames")'>Click to show all stack frames</a>
<div class='stack-trace' id='stack-trace124494140'><pre>org.openqa.selenium.NoSuchElementException: no such element: Unable to locate element: {&quot;method&quot;:&quot;xpath&quot;,&quot;selector&quot;:&quot;.//*[@id=&apos;l-login&apos;]/form/div[2]/div/div[2]/div/input&quot;}
  (Session info: chrome=75.0.3770.100)
  (Driver info: chromedriver=2.35.528161 (5b82f2d2aae0ca24b877009200ced9065a772e73),platform=Windows NT 10.0.14393 x86_64) (WARNING: The server did not provide any stacktrace information)
Command duration or timeout: 20.03 seconds
For documentation on this error, please visit: http://seleniumhq.org/exceptions/no_such_element.html
Build info: version: &apos;unknown&apos;, revision: &apos;unknown&apos;, time: &apos;unknown&apos;
System info: host: &apos;PC2017000016&apos;, ip: &apos;172.29.22.45&apos;, os.name: &apos;Windows 10&apos;, os.arch: &apos;amd64&apos;, os.version: &apos;10.0&apos;, java.version: &apos;1.8.0_131&apos;
Driver info: org.openqa.selenium.chrome.ChromeDriver
Capabilities [{applicationCacheEnabled=false, rotatable=false, mobileEmulationEnabled=false, networkConnectionEnabled=false, chrome={chromedriverVersion=2.35.528161 (5b82f2d2aae0ca24b877009200ced9065a772e73), userDataDir=C:\Users\gauravn\AppData\Local\Temp\scoped_dir10008_25380}, takesHeapSnapshot=true, pageLoadStrategy=normal, databaseEnabled=false, handlesAlerts=true, hasTouchScreen=false, version=75.0.3770.100, platform=XP, browserConnectionEnabled=false, nativeEvents=true, acceptSslCerts=false, acceptInsecureCerts=false, locationContextEnabled=true, webStorageEnabled=true, browserName=chrome, takesScreenshot=true, javascriptEnabled=true, cssSelectorsEnabled=true, setWindowRect=true, unexpectedAlertBehaviour=}]
Session ID: 42b4a7f02025fe5c5cbd5d2e1e767028
*** Element info: {Using=xpath, value=.//*[@id=&apos;l-login&apos;]/form/div[2]/div/div[2]/div/input}
	at sun.reflect.NativeConstructorAccessorImpl.newInstance0(Native Method)
	at sun.reflect.NativeConstructorAccessorImpl.newInstance(Unknown Source)
	at sun.reflect.DelegatingConstructorAccessorImpl.newInstance(Unknown Source)
	at java.lang.reflect.Constructor.newInstance(Unknown Source)
	at org.openqa.selenium.remote.ErrorHandler.createThrowable(ErrorHandler.java:215)
	at org.openqa.selenium.remote.ErrorHandler.throwIfResponseFailed(ErrorHandler.java:167)
	at org.openqa.selenium.remote.RemoteWebDriver.execute(RemoteWebDriver.java:671)
	at org.openqa.selenium.remote.RemoteWebDriver.findElement(RemoteWebDriver.java:410)
	at org.openqa.selenium.remote.RemoteWebDriver.findElementByXPath(RemoteWebDriver.java:509)
	at org.openqa.selenium.By$ByXPath.findElement(By.java:361)
	at org.openqa.selenium.remote.RemoteWebDriver.findElement(RemoteWebDriver.java:402)
	at library.Utility.Login(Utility.java:173)
	at NERL.EWR_Deposit_EXchange.EWR_creation_Approval(EWR_Deposit_EXchange.java:156)
	at sun.reflect.NativeMethodAccessorImpl.invoke0(Native Method)
	at sun.reflect.NativeMethodAccessorImpl.invoke(Unknown Source)
	at sun.reflect.DelegatingMethodAccessorImpl.invoke(Unknown Source)
	at java.lang.reflect.Method.invoke(Unknown Source)
	at org.testng.internal.MethodInvocationHelper.invokeMethod(MethodInvocationHelper.java:108)
	at org.testng.internal.Invoker.invokeMethod(Invoker.java:669)
	at org.testng.internal.Invoker.invokeTestMethod(Invoker.java:877)
	at org.testng.internal.Invoker.invokeTestMethods(Invoker.java:1201)
	at org.testng.internal.TestMethodWorker.invokeTestMethods(TestMethodWorker.java:125)
	at org.testng.internal.TestMethodWorker.run(TestMethodWorker.java:109)
	at org.testng.TestRunner.privateRun(TestRunner.java:776)
	at org.testng.TestRunner.run(TestRunner.java:634)
	at org.testng.SuiteRunner.runTest(SuiteRunner.java:425)
	at org.testng.SuiteRunner.runSequentially(SuiteRunner.java:420)
	at org.testng.SuiteRunner.privateRun(SuiteRunner.java:385)
	at org.testng.SuiteRunner.run(SuiteRunner.java:334)
	at org.testng.SuiteRunnerWorker.runSuite(SuiteRunnerWorker.java:52)
	at org.testng.SuiteRunnerWorker.run(SuiteRunnerWorker.java:86)
	at org.testng.TestNG.runSuitesSequentially(TestNG.java:1318)
	at org.testng.TestNG.runSuitesLocally(TestNG.java:1243)
	at org.testng.TestNG.runSuites(TestNG.java:1161)
	at org.testng.TestNG.run(TestNG.java:1129)
	at org.testng.remote.AbstractRemoteTestNG.run(AbstractRemoteTestNG.java:114)
	at org.testng.remote.RemoteTestNG.initAndRun(RemoteTestNG.java:251)
	at org.testng.remote.RemoteTestNG.main(RemoteTestNG.java:77)
</pre></div></td>
<td>218</td>
<td>NERL.EWR_Deposit_EXchange@343f4d3d</td></tr>
<tr>
<td title='NERL.EWR_Deposit_EXchange.EWR_creation_Approval()'><b>EWR_creation_Approval</b><br>Test class: NERL.EWR_Deposit_EXchange<br>Test method: To verify Creation Of ENWR With Valid details<br>Parameters: 1012467, TURMERIC-MT, 50 KG, 2BNF00000000776, 600, Gaurav, 30, 30, 21, 500, Dry storage deposit, 45454/4444/678, 500, 200, 250, 650, 200, Kanjurmarg akruti center, 100, 100, 2000, Sample1, AM0000000084, SPECIAL, 3, 3, 0, 0, NCMLLABMKR, Dell@1234, SOURABH, Dell@1234, NCMLLABMKR1, Dell@1234, NCMLLABCKR, Dell@1234, 0, 11, 0, 1, 5, 2, 1, 1, 1, 1, 1, 7, NCDEX, WRS0000000004, NCMLLABCOMGRADE, ASDCV1234G, TMCBASSLM, 0, 0, 0, 0, 85, 0, 0, 0, 0, 0, 8, 5</td>
<td><div><pre>org.openqa.selenium.NoSuchElementException: no such element: Unable to locate element: {&quot;method&quot;:&quot;xpath&quot;,&quot;selector&quot;:&quot;//button[@data-ng-click=&apos;fetchExchangeDetails()&apos;]&quot;}
  (Session info: chrome=75.0.3770.100)
  (Driver info: chromedriver=2.35.528161 (5b82f2d2aae0ca24b877009200ced9065a772e73),platform=Windows NT 10.0.14393 x86_64) (WARNING: The server did not provide any stacktrace information)
Command duration or timeout: 20.05 seconds
For documentation on this error, please visit: http://seleniumhq.org/exceptions/no_such_element.html
Build info: version: &apos;unknown&apos;, revision: &apos;unknown&apos;, time: &apos;unknown&apos;
System info: host: &apos;PC2017000016&apos;, ip: &apos;172.29.22.45&apos;, os.name: &apos;Windows 10&apos;, os.arch: &apos;amd64&apos;, os.version: &apos;10.0&apos;, java.version: &apos;1.8.0_131&apos;
Driver info: org.openqa.selenium.chrome.ChromeDriver
Capabilities [{applicationCacheEnabled=false, rotatable=false, mobileEmulationEnabled=false, networkConnectionEnabled=false, chrome={chromedriverVersion=2.35.528161 (5b82f2d2aae0ca24b877009200ced9065a772e73), userDataDir=C:\Users\gauravn\AppData\Local\Temp\scoped_dir11612_27650}, takesHeapSnapshot=true, pageLoadStrategy=normal, databaseEnabled=false, handlesAlerts=true, hasTouchScreen=false, version=75.0.3770.100, platform=XP, browserConnectionEnabled=false, nativeEvents=true, acceptSslCerts=false, acceptInsecureCerts=false, locationContextEnabled=true, webStorageEnabled=true, browserName=chrome, takesScreenshot=true, javascriptEnabled=true, cssSelectorsEnabled=true, setWindowRect=true, unexpectedAlertBehaviour=}]
Session ID: e088438202e76e5e82d4872eb21e8b45
*** Element info: {Using=xpath, value=//button[@data-ng-click=&apos;fetchExchangeDetails()&apos;]}
	at sun.reflect.NativeConstructorAccessorImpl.newInstance0(Native Method)
	at sun.reflect.NativeConstructorAccessorImpl.newInstance(Unknown Source)
	at sun.reflect.DelegatingConstructorAccessorImpl.newInstance(Unknown Source)
	at java.lang.reflect.Constructor.newInstance(Unknown Source)
	at org.openqa.selenium.remote.ErrorHandler.createThrowable(ErrorHandler.java:215)
	at org.openqa.selenium.remote.ErrorHandler.throwIfResponseFailed(ErrorHandler.java:167)
	at org.openqa.selenium.remote.RemoteWebDriver.execute(RemoteWebDriver.java:671)
	at org.openqa.selenium.remote.RemoteWebDriver.findElement(RemoteWebDriver.java:410)
	at org.openqa.selenium.remote.RemoteWebDriver.findElementByXPath(RemoteWebDriver.java:509)
	at org.openqa.selenium.By$ByXPath.findElement(By.java:361)
	at org.openqa.selenium.remote.RemoteWebDriver.findElement(RemoteWebDriver.java:402)
	at library.Utility.clickOnWebElement1(Utility.java:377)
	at Com.Wordpress.pages.Com_ExchangeDeposit_Page.EWR_Page_EXCHANGE(Com_ExchangeDeposit_Page.java:549)
	at NERL.EWR_Deposit_EXchange.EWR_creation_Approval(EWR_Deposit_EXchange.java:77)
	at sun.reflect.NativeMethodAccessorImpl.invoke0(Native Method)
	at sun.reflect.NativeMethodAccessorImpl.invoke(Unknown Source)
	at sun.reflect.DelegatingMethodAccessorImpl.invoke(Unknown Source)
	at java.lang.reflect.Method.invoke(Unknown Source)
	at org.testng.internal.MethodInvocationHelper.invokeMethod(MethodInvocationHelper.java:108)
	at org.testng.internal.Invoker.invokeMethod(Invoker.java:669)
	at org.testng.internal.Invoker.invokeTestMethod(Invoker.java:877)
	at org.testng.internal.Invoker.invokeTestMethods(Invoker.java:1201)
	at org.testng.internal.TestMethodWorker.invokeTestMethods(TestMethodWorker.java:125)
	at org.testng.internal.TestMethodWorker.run(TestMethodWorker.java:109)
	at org.testng.TestRunner.privateRun(TestRunner.java:776)
	at org.testng.TestRunner.run(TestRunner.java:634)
	at org.testng.SuiteRunner.runTest(SuiteRunner.java:425)
	at org.testng.SuiteRunner.runSequentially(SuiteRunner.java:420)
	at org.testng.SuiteRunner.privateRun(SuiteRunner.java:385)
	at org.testng.SuiteRunner.run(SuiteRunner.java:334)
	at org.testng.SuiteRunnerWorker.runSuite(SuiteRunnerWorker.java:52)
	at org.testng.SuiteRunnerWorker.run(SuiteRunnerWorker.java:86)
	at org.testng.TestNG.runSuitesSequentially(TestNG.java:1318)
	at org.testng.TestNG.runSuitesLocally(TestNG.java:1243)
	at org.testng.TestNG.runSuites(TestNG.java:1161)
	at org.testng.TestNG.run(TestNG.java:1129)
	at org.testng.remote.AbstractRemoteTestNG.run(AbstractRemoteTestNG.java:114)
	at org.testng.remote.RemoteTestNG.initAndRun(RemoteTestNG.java:251)
	at org.testng.remote.RemoteTestNG.main(RemoteTestNG.java:77)
</pre></div><a href='#' onClick='toggleBox("stack-trace1497268815", this, "Click to show all stack frames", "Click to hide stack frames")'>Click to show all stack frames</a>
<div class='stack-trace' id='stack-trace1497268815'><pre>org.openqa.selenium.NoSuchElementException: no such element: Unable to locate element: {&quot;method&quot;:&quot;xpath&quot;,&quot;selector&quot;:&quot;//button[@data-ng-click=&apos;fetchExchangeDetails()&apos;]&quot;}
  (Session info: chrome=75.0.3770.100)
  (Driver info: chromedriver=2.35.528161 (5b82f2d2aae0ca24b877009200ced9065a772e73),platform=Windows NT 10.0.14393 x86_64) (WARNING: The server did not provide any stacktrace information)
Command duration or timeout: 20.05 seconds
For documentation on this error, please visit: http://seleniumhq.org/exceptions/no_such_element.html
Build info: version: &apos;unknown&apos;, revision: &apos;unknown&apos;, time: &apos;unknown&apos;
System info: host: &apos;PC2017000016&apos;, ip: &apos;172.29.22.45&apos;, os.name: &apos;Windows 10&apos;, os.arch: &apos;amd64&apos;, os.version: &apos;10.0&apos;, java.version: &apos;1.8.0_131&apos;
Driver info: org.openqa.selenium.chrome.ChromeDriver
Capabilities [{applicationCacheEnabled=false, rotatable=false, mobileEmulationEnabled=false, networkConnectionEnabled=false, chrome={chromedriverVersion=2.35.528161 (5b82f2d2aae0ca24b877009200ced9065a772e73), userDataDir=C:\Users\gauravn\AppData\Local\Temp\scoped_dir11612_27650}, takesHeapSnapshot=true, pageLoadStrategy=normal, databaseEnabled=false, handlesAlerts=true, hasTouchScreen=false, version=75.0.3770.100, platform=XP, browserConnectionEnabled=false, nativeEvents=true, acceptSslCerts=false, acceptInsecureCerts=false, locationContextEnabled=true, webStorageEnabled=true, browserName=chrome, takesScreenshot=true, javascriptEnabled=true, cssSelectorsEnabled=true, setWindowRect=true, unexpectedAlertBehaviour=}]
Session ID: e088438202e76e5e82d4872eb21e8b45
*** Element info: {Using=xpath, value=//button[@data-ng-click=&apos;fetchExchangeDetails()&apos;]}
	at sun.reflect.NativeConstructorAccessorImpl.newInstance0(Native Method)
	at sun.reflect.NativeConstructorAccessorImpl.newInstance(Unknown Source)
	at sun.reflect.DelegatingConstructorAccessorImpl.newInstance(Unknown Source)
	at java.lang.reflect.Constructor.newInstance(Unknown Source)
	at org.openqa.selenium.remote.ErrorHandler.createThrowable(ErrorHandler.java:215)
	at org.openqa.selenium.remote.ErrorHandler.throwIfResponseFailed(ErrorHandler.java:167)
	at org.openqa.selenium.remote.RemoteWebDriver.execute(RemoteWebDriver.java:671)
	at org.openqa.selenium.remote.RemoteWebDriver.findElement(RemoteWebDriver.java:410)
	at org.openqa.selenium.remote.RemoteWebDriver.findElementByXPath(RemoteWebDriver.java:509)
	at org.openqa.selenium.By$ByXPath.findElement(By.java:361)
	at org.openqa.selenium.remote.RemoteWebDriver.findElement(RemoteWebDriver.java:402)
	at library.Utility.clickOnWebElement1(Utility.java:377)
	at Com.Wordpress.pages.Com_ExchangeDeposit_Page.EWR_Page_EXCHANGE(Com_ExchangeDeposit_Page.java:549)
	at NERL.EWR_Deposit_EXchange.EWR_creation_Approval(EWR_Deposit_EXchange.java:77)
	at sun.reflect.NativeMethodAccessorImpl.invoke0(Native Method)
	at sun.reflect.NativeMethodAccessorImpl.invoke(Unknown Source)
	at sun.reflect.DelegatingMethodAccessorImpl.invoke(Unknown Source)
	at java.lang.reflect.Method.invoke(Unknown Source)
	at org.testng.internal.MethodInvocationHelper.invokeMethod(MethodInvocationHelper.java:108)
	at org.testng.internal.Invoker.invokeMethod(Invoker.java:669)
	at org.testng.internal.Invoker.invokeTestMethod(Invoker.java:877)
	at org.testng.internal.Invoker.invokeTestMethods(Invoker.java:1201)
	at org.testng.internal.TestMethodWorker.invokeTestMethods(TestMethodWorker.java:125)
	at org.testng.internal.TestMethodWorker.run(TestMethodWorker.java:109)
	at org.testng.TestRunner.privateRun(TestRunner.java:776)
	at org.testng.TestRunner.run(TestRunner.java:634)
	at org.testng.SuiteRunner.runTest(SuiteRunner.java:425)
	at org.testng.SuiteRunner.runSequentially(SuiteRunner.java:420)
	at org.testng.SuiteRunner.privateRun(SuiteRunner.java:385)
	at org.testng.SuiteRunner.run(SuiteRunner.java:334)
	at org.testng.SuiteRunnerWorker.runSuite(SuiteRunnerWorker.java:52)
	at org.testng.SuiteRunnerWorker.run(SuiteRunnerWorker.java:86)
	at org.testng.TestNG.runSuitesSequentially(TestNG.java:1318)
	at org.testng.TestNG.runSuitesLocally(TestNG.java:1243)
	at org.testng.TestNG.runSuites(TestNG.java:1161)
	at org.testng.TestNG.run(TestNG.java:1129)
	at org.testng.remote.AbstractRemoteTestNG.run(AbstractRemoteTestNG.java:114)
	at org.testng.remote.RemoteTestNG.initAndRun(RemoteTestNG.java:251)
	at org.testng.remote.RemoteTestNG.main(RemoteTestNG.java:77)
</pre></div></td>
<td>28</td>
<td>NERL.EWR_Deposit_EXchange@343f4d3d</td></tr>
</table><p>
<table width='100%' border='1' class='invocation-passed'>
<tr><td colspan='4' align='center'><b>PASSED TESTS</b></td></tr>
<tr><td><b>Test method</b></td>
<td width="30%"><b>Exception</b></td>
<td width="10%"><b>Time (seconds)</b></td>
<td><b>Instance</b></td>
</tr>
<tr>
<td title='NERL.EWR_Deposit_EXchange.EWR_creation_Approval()'><b>EWR_creation_Approval</b><br>Test class: NERL.EWR_Deposit_EXchange<br>Test method: To verify Creation Of ENWR With Valid details<br>Parameters: 1012467, TURMERIC-MT, 50 KG, 2BNF00000000776, 600, Gaurav, 30, 30, 21, 500, Dry storage deposit, 45454/4444/674, 500, 200, 250, 650, 200, Kanjurmarg akruti center, 100, 100, 2000, Sample1, AM0000000084, SPECIAL, 3, 3, 0, 0, NCMLLABMKR, Dell@1234, SOURABH, Dell@1234, NCMLLABMKR1, Dell@1234, NCMLLABCKR, Dell@1234, 0, 11, 0, 1, 5, 2, 1, 1, 1, 1, 1, 7, NCDEX, WRS0000000004, NCMLLABCOMGRADE, ASDCV1234G, TMCBASSLM, 0, 0, 0, 0, 85, 0, 0, 0, 0, 0, 8, 1</td>
<td></td>
<td>230</td>
<td>NERL.EWR_Deposit_EXchange@343f4d3d</td></tr>
<tr>
<td title='NERL.EWR_Deposit_EXchange.EWR_creation_Approval()'><b>EWR_creation_Approval</b><br>Test class: NERL.EWR_Deposit_EXchange<br>Test method: To verify Creation Of ENWR With Valid details<br>Parameters: 1012467, TURMERIC-MT, 50 KG, 2BNF00000000776, 600, Gaurav, 30, 30, 21, 500, Dry storage deposit, 45454/4444/676, 500, 200, 250, 650, 200, Kanjurmarg akruti center, 100, 100, 2000, Sample1, AM0000000084, SPECIAL, 3, 3, 0, 0, NCMLLABMKR, Dell@1234, SOURABH, Dell@1234, NCMLLABMKR1, Dell@1234, NCMLLABCKR, Dell@1234, 0, 11, 0, 1, 5, 2, 1, 1, 1, 1, 1, 7, NCDEX, WRS0000000004, NCMLLABCOMGRADE, ASDCV1234G, TMCBASSLM, 0, 0, 0, 0, 85, 0, 0, 0, 0, 0, 8, 3</td>
<td></td>
<td>224</td>
<td>NERL.EWR_Deposit_EXchange@343f4d3d</td></tr>
<tr>
<td title='NERL.EWR_Deposit_EXchange.EWR_creation_Approval()'><b>EWR_creation_Approval</b><br>Test class: NERL.EWR_Deposit_EXchange<br>Test method: To verify Creation Of ENWR With Valid details<br>Parameters: 1012467, TURMERIC-MT, 50 KG, 2BNF00000000776, 600, Gaurav, 30, 30, 21, 500, Dry storage deposit, 45454/4444/677, 500, 200, 250, 650, 200, Kanjurmarg akruti center, 100, 100, 2000, Sample1, AM0000000084, SPECIAL, 3, 3, 0, 0, NCMLLABMKR, Dell@1234, SOURABH, Dell@1234, NCMLLABMKR1, Dell@1234, NCMLLABCKR, Dell@1234, 0, 11, 0, 1, 5, 2, 1, 1, 1, 1, 1, 7, NCDEX, WRS0000000004, NCMLLABCOMGRADE, ASDCV1234G, TMCBASSLM, 0, 0, 0, 0, 85, 0, 0, 0, 0, 0, 8, 4</td>
<td></td>
<td>220</td>
<td>NERL.EWR_Deposit_EXchange@343f4d3d</td></tr>
<tr>
<td title='NERL.EWR_Deposit_EXchange.EWR_creation_Approval()'><b>EWR_creation_Approval</b><br>Test class: NERL.EWR_Deposit_EXchange<br>Test method: To verify Creation Of ENWR With Valid details<br>Parameters: 1012467, TURMERIC-MT, 50 KG, 2BNF00000000776, 600, Gaurav, 30, 30, 21, 500, Dry storage deposit, 45454/4444/679, 500, 200, 250, 650, 200, Kanjurmarg akruti center, 100, 100, 2000, Sample1, AM0000000084, SPECIAL, 3, 3, 0, 0, NCMLLABMKR, Dell@1234, SOURABH, Dell@1234, NCMLLABMKR1, Dell@1234, NCMLLABCKR, Dell@1234, 0, 11, 0, 1, 5, 2, 1, 1, 1, 1, 1, 7, NCDEX, WRS0000000004, NCMLLABCOMGRADE, ASDCV1234G, TMCBASSLM, 0, 0, 0, 0, 85, 0, 0, 0, 0, 0, 8, 6</td>
<td></td>
<td>220</td>
<td>NERL.EWR_Deposit_EXchange@343f4d3d</td></tr>
<tr>
<td title='NERL.EWR_Deposit_EXchange.EWR_creation_Approval()'><b>EWR_creation_Approval</b><br>Test class: NERL.EWR_Deposit_EXchange<br>Test method: To verify Creation Of ENWR With Valid details<br>Parameters: 1012467, TURMERIC-MT, 50 KG, 2BNF00000000776, 600, Gaurav, 30, 30, 21, 500, Dry storage deposit, 45454/4444/680, 500, 200, 250, 650, 200, Kanjurmarg akruti center, 100, 100, 2000, Sample1, AM0000000084, SPECIAL, 3, 3, 0, 0, NCMLLABMKR, Dell@1234, SOURABH, Dell@1234, NCMLLABMKR1, Dell@1234, NCMLLABCKR, Dell@1234, 0, 11, 0, 1, 5, 2, 1, 1, 1, 1, 1, 7, NCDEX, WRS0000000004, NCMLLABCOMGRADE, ASDCV1234G, TMCBASSLM, 0, 0, 0, 0, 85, 0, 0, 0, 0, 0, 8, 7</td>
<td></td>
<td>221</td>
<td>NERL.EWR_Deposit_EXchange@343f4d3d</td></tr>
<tr>
<td title='NERL.EWR_Deposit_EXchange.EWR_creation_Approval()'><b>EWR_creation_Approval</b><br>Test class: NERL.EWR_Deposit_EXchange<br>Test method: To verify Creation Of ENWR With Valid details<br>Parameters: 1012467, TURMERIC-MT, 50 KG, 2BNF00000000776, 600, Gaurav, 30, 30, 21, 500, Dry storage deposit, 45454/4444/681, 500, 200, 250, 650, 200, Kanjurmarg akruti center, 100, 100, 2000, Sample1, AM0000000084, SPECIAL, 3, 3, 0, 0, NCMLLABMKR, Dell@1234, SOURABH, Dell@1234, NCMLLABMKR1, Dell@1234, NCMLLABCKR, Dell@1234, 0, 11, 0, 1, 5, 2, 1, 1, 1, 1, 1, 7, NCDEX, WRS0000000004, NCMLLABCOMGRADE, ASDCV1234G, TMCBASSLM, 0, 0, 0, 0, 85, 0, 0, 0, 0, 0, 8, 8</td>
<td></td>
<td>222</td>
<td>NERL.EWR_Deposit_EXchange@343f4d3d</td></tr>
</table><p>
</body>
</html>