<?xml version="1.0" encoding="UTF-8"?>
<!-- Generated by org.testng.reporters.JUnitReportReporter -->
<testsuite skipped="0" hostname="PC2017000016" name="NERL.TestT" tests="2" failures="0" timestamp="08 Mar 2018 07:51:04 GMT" time="120.885" errors="2">
  <testcase name="testt" time="0.000" classname="NERL.TestT">
    <error type="org.testng.TestNGException" message="
Cannot inject @Test annotated Method [testt] with [class java.lang.String, class java.lang.String, class java.lang.String, class java.lang.StringBuffer, class java.lang.StringBuffer, class java.lang.String].
For more information on native dependency injection please refer to http://testng.org/doc/documentation-main.html#native-dependency-injection">
      <![CDATA[org.testng.TestNGException: 
Cannot inject @Test annotated Method [testt] with [class java.lang.String, class java.lang.String, class java.lang.String, class java.lang.StringBuffer, class java.lang.StringBuffer, class java.lang.String].
For more information on native dependency injection please refer to http://testng.org/doc/documentation-main.html#native-dependency-injection
	at org.testng.internal.Parameters.checkParameterTypes(Parameters.java:334)
	at org.testng.internal.Parameters.createParametersForMethod(Parameters.java:274)
	at org.testng.internal.Parameters.createParameters(Parameters.java:562)
	at org.testng.internal.Parameters.handleParameters(Parameters.java:672)
	at org.testng.internal.Invoker.handleParameters(Invoker.java:1316)
	at org.testng.internal.Invoker.createParameters(Invoker.java:1044)
	at org.testng.internal.Invoker.invokeTestMethods(Invoker.java:1134)
	at org.testng.internal.TestMethodWorker.invokeTestMethods(TestMethodWorker.java:125)
	at org.testng.internal.TestMethodWorker.run(TestMethodWorker.java:109)
	at org.testng.TestRunner.privateRun(TestRunner.java:776)
	at org.testng.TestRunner.run(TestRunner.java:634)
	at org.testng.SuiteRunner.runTest(SuiteRunner.java:425)
	at org.testng.SuiteRunner.runSequentially(SuiteRunner.java:420)
	at org.testng.SuiteRunner.privateRun(SuiteRunner.java:385)
	at org.testng.SuiteRunner.run(SuiteRunner.java:334)
	at org.testng.SuiteRunnerWorker.runSuite(SuiteRunnerWorker.java:52)
	at org.testng.SuiteRunnerWorker.run(SuiteRunnerWorker.java:86)
	at org.testng.TestNG.runSuitesSequentially(TestNG.java:1318)
	at org.testng.TestNG.runSuitesLocally(TestNG.java:1243)
	at org.testng.TestNG.runSuites(TestNG.java:1161)
	at org.testng.TestNG.run(TestNG.java:1129)
	at org.testng.remote.AbstractRemoteTestNG.run(AbstractRemoteTestNG.java:114)
	at org.testng.remote.RemoteTestNG.initAndRun(RemoteTestNG.java:251)
	at org.testng.remote.RemoteTestNG.main(RemoteTestNG.java:77)
]]>
    </error>
  </testcase> <!-- testt -->
  <testcase name="test2" time="120.885" classname="NERL.TestT">
    <error type="org.testng.internal.reflect.MethodMatcherException" message="
Data provider mismatch
Method: test2([])
Arguments: [(java.lang.String) 1001601,(java.lang.String) UNDEHUSKED SPLIT (CRUDE),(java.lang.String) B-TWILL JUTE BAGS-50,(java.lang.String) 2BNF00000000586,(java.lang.String) 500,(java.lang.String) Gaurav,(java.lang.String) 25000,(java.lang.String) 25000,(java.lang.String) 21,(java.lang.String) 500,(java.lang.String) Dry storage deposit,(java.lang.String) 123/12/454,(java.lang.String) 500,(java.lang.String) 200,(java.lang.String) 250,(java.lang.String) 650,(java.lang.String) 200,(java.lang.String) Kanjurmarg akruti center,(java.lang.String) 25000,(java.lang.String) 25000,(java.lang.String) 500,(java.lang.String) Sample1,(java.lang.String) AM0000000012,(java.lang.String) GENERAL,(java.lang.String) 2,(java.lang.String) 7,(java.lang.String) 67,(java.lang.String) 12,(java.lang.String) NASPL03,(java.lang.String) test123,(java.lang.String) NASPL04,(java.lang.String) test123,(java.lang.String) STARLABCKR,(java.lang.String) test123,(java.lang.String) 9,(java.lang.String) 12,(java.lang.Integer) 1]">
      <![CDATA[org.testng.internal.reflect.MethodMatcherException: 
Data provider mismatch
Method: test2([])
Arguments: [(java.lang.String) 1001601,(java.lang.String) UNDEHUSKED SPLIT (CRUDE),(java.lang.String) B-TWILL JUTE BAGS-50,(java.lang.String) 2BNF00000000586,(java.lang.String) 500,(java.lang.String) Gaurav,(java.lang.String) 25000,(java.lang.String) 25000,(java.lang.String) 21,(java.lang.String) 500,(java.lang.String) Dry storage deposit,(java.lang.String) 123/12/454,(java.lang.String) 500,(java.lang.String) 200,(java.lang.String) 250,(java.lang.String) 650,(java.lang.String) 200,(java.lang.String) Kanjurmarg akruti center,(java.lang.String) 25000,(java.lang.String) 25000,(java.lang.String) 500,(java.lang.String) Sample1,(java.lang.String) AM0000000012,(java.lang.String) GENERAL,(java.lang.String) 2,(java.lang.String) 7,(java.lang.String) 67,(java.lang.String) 12,(java.lang.String) NASPL03,(java.lang.String) test123,(java.lang.String) NASPL04,(java.lang.String) test123,(java.lang.String) STARLABCKR,(java.lang.String) test123,(java.lang.String) 9,(java.lang.String) 12,(java.lang.Integer) 1]
	at org.testng.internal.reflect.DataProviderMethodMatcher.getConformingArguments(DataProviderMethodMatcher.java:45)
	at org.testng.internal.Invoker.injectParameters(Invoker.java:1301)
	at org.testng.internal.Invoker.invokeTestMethods(Invoker.java:1195)
	at org.testng.internal.TestMethodWorker.invokeTestMethods(TestMethodWorker.java:125)
	at org.testng.internal.TestMethodWorker.run(TestMethodWorker.java:109)
	at org.testng.TestRunner.privateRun(TestRunner.java:776)
	at org.testng.TestRunner.run(TestRunner.java:634)
	at org.testng.SuiteRunner.runTest(SuiteRunner.java:425)
	at org.testng.SuiteRunner.runSequentially(SuiteRunner.java:420)
	at org.testng.SuiteRunner.privateRun(SuiteRunner.java:385)
	at org.testng.SuiteRunner.run(SuiteRunner.java:334)
	at org.testng.SuiteRunnerWorker.runSuite(SuiteRunnerWorker.java:52)
	at org.testng.SuiteRunnerWorker.run(SuiteRunnerWorker.java:86)
	at org.testng.TestNG.runSuitesSequentially(TestNG.java:1318)
	at org.testng.TestNG.runSuitesLocally(TestNG.java:1243)
	at org.testng.TestNG.runSuites(TestNG.java:1161)
	at org.testng.TestNG.run(TestNG.java:1129)
	at org.testng.remote.AbstractRemoteTestNG.run(AbstractRemoteTestNG.java:114)
	at org.testng.remote.RemoteTestNG.initAndRun(RemoteTestNG.java:251)
	at org.testng.remote.RemoteTestNG.main(RemoteTestNG.java:77)
]]>
    </error>
  </testcase> <!-- test2 -->
</testsuite> <!-- NERL.TestT -->
