<?xml version="1.0" encoding="UTF-8"?>
<!-- Generated by org.testng.reporters.JUnitXMLReporter -->
<testsuite hostname="PC2017000016" ignored="0" name="NERL" tests="10" failures="1" timestamp="27 Nov 2017 05:16:10 GMT" time="706.946" errors="0">
  <testcase name="Benf_To_Benf_Submit" time="111.437" classname="NERL.Benf_To_Benf_Main"/>
  <testcase name="Pledgee_Initiation_Submit" time="57.549" classname="NERL.PledgeeInitiation"/>
  <testcase name="PI_Approve_RPchecker" time="22.63" classname="NERL.PledgeeInitiation"/>
  <testcase name="PI_Approve_WSP" time="22.327" classname="NERL.PledgeeInitiation"/>
  <testcase name="PI_Approve_PledgeeM" time="26.614" classname="NERL.PledgeeInitiation"/>
  <testcase name="PI_Approve_Pledgee_Checker1" time="22.474" classname="NERL.PledgeeInitiation"/>
  <testcase name="PI_Approve_Pledgee_Verifier" time="22.712" classname="NERL.PledgeeInitiation"/>
  <testcase name="EPG__Discard_RPmaker" time="63.156" classname="NERL.PledgeeInitiation"/>
  <testcase name="EPG_Discard_RPchecker" time="79.399" classname="NERL.PledgeeInitiation"/>
  <testcase name="EPG_Reject_RPchecker" time="197.754" classname="NERL.PledgeeInitiation">
    <failure type="org.openqa.selenium.ElementNotVisibleException" message="element not visible
  (Session info: chrome=62.0.3202.94)
  (Driver info: chromedriver=2.33.506120 (e3e53437346286c0bc2d2dc9aa4915ba81d9023f),platform=Windows NT 10.0.14393 x86_64) (WARNING: The server did not provide any stacktrace information)
Command duration or timeout: 34 milliseconds
Build info: version: &amp;apos;unknown&amp;apos;, revision: &amp;apos;unknown&amp;apos;, time: &amp;apos;unknown&amp;apos;
System info: host: &amp;apos;PC2017000016&amp;apos;, ip: &amp;apos;172.29.22.45&amp;apos;, os.name: &amp;apos;Windows 10&amp;apos;, os.arch: &amp;apos;amd64&amp;apos;, os.version: &amp;apos;10.0&amp;apos;, java.version: &amp;apos;1.8.0_131&amp;apos;
Driver info: org.openqa.selenium.chrome.ChromeDriver
Capabilities [{applicationCacheEnabled=false, rotatable=false, mobileEmulationEnabled=false, networkConnectionEnabled=false, chrome={chromedriverVersion=2.33.506120 (e3e53437346286c0bc2d2dc9aa4915ba81d9023f), userDataDir=C:\Users\gauravn\AppData\Local\Temp\scoped_dir1736_14910}, takesHeapSnapshot=true, pageLoadStrategy=normal, databaseEnabled=false, handlesAlerts=true, hasTouchScreen=false, version=62.0.3202.94, platform=XP, browserConnectionEnabled=false, nativeEvents=true, acceptSslCerts=true, locationContextEnabled=true, webStorageEnabled=true, browserName=chrome, takesScreenshot=true, javascriptEnabled=true, cssSelectorsEnabled=true, setWindowRect=true, unexpectedAlertBehaviour=}]
Session ID: 0323a68a438d13fc4b70a403e32a845d">
      <![CDATA[org.openqa.selenium.ElementNotVisibleException: element not visible
  (Session info: chrome=62.0.3202.94)
  (Driver info: chromedriver=2.33.506120 (e3e53437346286c0bc2d2dc9aa4915ba81d9023f),platform=Windows NT 10.0.14393 x86_64) (WARNING: The server did not provide any stacktrace information)
Command duration or timeout: 34 milliseconds
Build info: version: 'unknown', revision: 'unknown', time: 'unknown'
System info: host: 'PC2017000016', ip: '172.29.22.45', os.name: 'Windows 10', os.arch: 'amd64', os.version: '10.0', java.version: '1.8.0_131'
Driver info: org.openqa.selenium.chrome.ChromeDriver
Capabilities [{applicationCacheEnabled=false, rotatable=false, mobileEmulationEnabled=false, networkConnectionEnabled=false, chrome={chromedriverVersion=2.33.506120 (e3e53437346286c0bc2d2dc9aa4915ba81d9023f), userDataDir=C:\Users\gauravn\AppData\Local\Temp\scoped_dir1736_14910}, takesHeapSnapshot=true, pageLoadStrategy=normal, databaseEnabled=false, handlesAlerts=true, hasTouchScreen=false, version=62.0.3202.94, platform=XP, browserConnectionEnabled=false, nativeEvents=true, acceptSslCerts=true, locationContextEnabled=true, webStorageEnabled=true, browserName=chrome, takesScreenshot=true, javascriptEnabled=true, cssSelectorsEnabled=true, setWindowRect=true, unexpectedAlertBehaviour=}]
Session ID: 0323a68a438d13fc4b70a403e32a845d
	at org.openqa.selenium.remote.ErrorHandler.createThrowable(ErrorHandler.java:215)
	at org.openqa.selenium.remote.ErrorHandler.throwIfResponseFailed(ErrorHandler.java:167)
	at org.openqa.selenium.remote.RemoteWebDriver.execute(RemoteWebDriver.java:671)
	at org.openqa.selenium.remote.RemoteWebElement.execute(RemoteWebElement.java:272)
	at org.openqa.selenium.remote.RemoteWebElement.click(RemoteWebElement.java:82)
	at library.Utility.PendingTxn_Rejection(Utility.java:133)
	at NERL.PledgeeInitiation.EPG_Reject_RPchecker(PledgeeInitiation.java:786)
... Removed 29 stack frames]]>
    </failure>
  </testcase> <!-- EPG_Reject_RPchecker -->
</testsuite> <!-- NERL -->
